<?xml version="1.0" encoding="UTF-8"?>
<testng-results skipped="0" failed="0" ignored="0" total="1" passed="1">
  <reporter-output>
  </reporter-output>
  <suite name="Suite" duration-ms="19340" started-at="2017-10-31T09:48:18Z" finished-at="2017-10-31T09:48:38Z">
    <groups>
    </groups>
    <test name="Test" duration-ms="19340" started-at="2017-10-31T09:48:18Z" finished-at="2017-10-31T09:48:38Z">
      <class name="NewTest">
        <test-method status="PASS" signature="main()[pri:0, instance:NewTest@6d8a00e3]" name="main" duration-ms="19313" started-at="2017-10-31T15:18:19Z" finished-at="2017-10-31T15:18:38Z">
          <reporter-output>
          </reporter-output>
        </test-method> <!-- main -->
      </class> <!-- NewTest -->
    </test> <!-- Test -->
  </suite> <!-- Suite -->
</testng-results>
